# JRE version: Java(TM) SE Runtime Environment (8.0_111-b14) (build 1.8.0_111-b14)
# Java VM: Java HotSpot(TM) 64-Bit Server VM (25.111-b14 mixed mode windows-amd64 compressed oops)
Heap:
 PSYoungGen      total 15360K, used 0K [0x00000000eef80000, 0x00000000f0080000, 0x0000000100000000)
  eden space 13312K, 0% used [0x00000000eef80000,0x00000000eef801d0,0x00000000efc80000)
  from space 2048K, 0% used [0x00000000efe80000,0x00000000efe80000,0x00000000f0080000)
  to   space 2048K, 0% used [0x00000000efc80000,0x00000000efc80000,0x00000000efe80000)
 ParOldGen       total 35840K, used 1604K [0x00000000cce00000, 0x00000000cf100000, 0x00000000eef80000)
  object space 35840K, 4% used [0x00000000cce00000,0x00000000ccf91270,0x00000000cf100000)
 Metaspace       used 8740K, capacity 8778K, committed 8960K, reserved 1056768K
  class space    used 933K, capacity 945K, committed 1024K, reserved 1048576K
GC Heap History (10 events):
Event: 2.595 GC heap before
{Heap before GC invocations=1 (full 0):
 PSYoungGen      total 15360K, used 13312K [0x00000000eef80000, 0x00000000f0080000, 0x0000000100000000)
  eden space 13312K, 100% used [0x00000000eef80000,0x00000000efc80000,0x00000000efc80000)
  from space 2048K, 0% used [0x00000000efe80000,0x00000000efe80000,0x00000000f0080000)
  to   space 2048K, 0% used [0x00000000efc80000,0x00000000efc80000,0x00000000efe80000)
 ParOldGen       total 35840K, used 0K [0x00000000cce00000, 0x00000000cf100000, 0x00000000eef80000)
  object space 35840K, 0% used [0x00000000cce00000,0x00000000cce00000,0x00000000cf100000)
 Metaspace       used 8200K, capacity 8298K, committed 8448K, reserved 1056768K
  class space    used 886K, capacity 913K, committed 1024K, reserved 1048576K
Event: 2.604 GC heap after
Heap after GC invocations=1 (full 0):
 PSYoungGen      total 15360K, used 2038K [0x00000000eef80000, 0x00000000f0080000, 0x0000000100000000)
  eden space 13312K, 0% used [0x00000000eef80000,0x00000000eef80000,0x00000000efc80000)
  from space 2048K, 99% used [0x00000000efc80000,0x00000000efe7db38,0x00000000efe80000)
  to   space 2048K, 0% used [0x00000000efe80000,0x00000000efe80000,0x00000000f0080000)
 ParOldGen       total 35840K, used 1317K [0x00000000cce00000, 0x00000000cf100000, 0x00000000eef80000)
  object space 35840K, 3% used [0x00000000cce00000,0x00000000ccf49490,0x00000000cf100000)
 Metaspace       used 8200K, capacity 8298K, committed 8448K, reserved 1056768K
  class space    used 886K, capacity 913K, committed 1024K, reserved 1048576K
}
Event: 10.106 GC heap before
{Heap before GC invocations=2 (full 0):
 PSYoungGen      total 15360K, used 11559K [0x00000000eef80000, 0x00000000f0080000, 0x0000000100000000)
  eden space 13312K, 71% used [0x00000000eef80000,0x00000000ef8cc2c8,0x00000000efc80000)
  from space 2048K, 99% used [0x00000000efc80000,0x00000000efe7db38,0x00000000efe80000)
  to   space 2048K, 0% used [0x00000000efe80000,0x00000000efe80000,0x00000000f0080000)
 ParOldGen       total 35840K, used 1317K [0x00000000cce00000, 0x00000000cf100000, 0x00000000eef80000)
  object space 35840K, 3% used [0x00000000cce00000,0x00000000ccf49490,0x00000000cf100000)
 Metaspace       used 8557K, capacity 8714K, committed 8960K, reserved 1056768K
  class space    used 917K, capacity 945K, committed 1024K, reserved 1048576K
Event: 10.114 GC heap after
Heap after GC invocations=2 (full 0):
 PSYoungGen      total 15360K, used 1808K [0x00000000eef80000, 0x00000000f0080000, 0x0000000100000000)
  eden space 13312K, 0% used [0x00000000eef80000,0x00000000eef80000,0x00000000efc80000)
  from space 2048K, 88% used [0x00000000efe80000,0x00000000f00440f8,0x00000000f0080000)
  to   space 2048K, 0% used [0x00000000efc80000,0x00000000efc80000,0x00000000efe80000)
 ParOldGen       total 35840K, used 1325K [0x00000000cce00000, 0x00000000cf100000, 0x00000000eef80000)
  object space 35840K, 3% used [0x00000000cce00000,0x00000000ccf4b490,0x00000000cf100000)
 Metaspace       used 8557K, capacity 8714K, committed 8960K, reserved 1056768K
  class space    used 917K, capacity 945K, committed 1024K, reserved 1048576K
}
Event: 10.114 GC heap before
{Heap before GC invocations=3 (full 1):
 PSYoungGen      total 15360K, used 1808K [0x00000000eef80000, 0x00000000f0080000, 0x0000000100000000)
  eden space 13312K, 0% used [0x00000000eef80000,0x00000000eef80000,0x00000000efc80000)
  from space 2048K, 88% used [0x00000000efe80000,0x00000000f00440f8,0x00000000f0080000)
  to   space 2048K, 0% used [0x00000000efc80000,0x00000000efc80000,0x00000000efe80000)
 ParOldGen       total 35840K, used 1325K [0x00000000cce00000, 0x00000000cf100000, 0x00000000eef80000)
  object space 35840K, 3% used [0x00000000cce00000,0x00000000ccf4b490,0x00000000cf100000)
 Metaspace       used 8557K, capacity 8714K, committed 8960K, reserved 1056768K
  class space    used 917K, capacity 945K, committed 1024K, reserved 1048576K
Event: 10.137 GC heap after
Heap after GC invocations=3 (full 1):
 PSYoungGen      total 15360K, used 0K [0x00000000eef80000, 0x00000000f0080000, 0x0000000100000000)
  eden space 13312K, 0% used [0x00000000eef80000,0x00000000eef80000,0x00000000efc80000)
  from space 2048K, 0% used [0x00000000efe80000,0x00000000efe80000,0x00000000f0080000)
  to   space 2048K, 0% used [0x00000000efc80000,0x00000000efc80000,0x00000000efe80000)
 ParOldGen       total 35840K, used 1790K [0x00000000cce00000, 0x00000000cf100000, 0x00000000eef80000)
  object space 35840K, 4% used [0x00000000cce00000,0x00000000ccfbfac8,0x00000000cf100000)
 Metaspace       used 8557K, capacity 8714K, committed 8960K, reserved 1056768K
  class space    used 917K, capacity 945K, committed 1024K, reserved 1048576K
}
Event: 10.172 GC heap before
{Heap before GC invocations=4 (full 1):
 PSYoungGen      total 15360K, used 692K [0x00000000eef80000, 0x00000000f0080000, 0x0000000100000000)
  eden space 13312K, 5% used [0x00000000eef80000,0x00000000ef02d368,0x00000000efc80000)
  from space 2048K, 0% used [0x00000000efe80000,0x00000000efe80000,0x00000000f0080000)
  to   space 2048K, 0% used [0x00000000efc80000,0x00000000efc80000,0x00000000efe80000)
 ParOldGen       total 35840K, used 1790K [0x00000000cce00000, 0x00000000cf100000, 0x00000000eef80000)
  object space 35840K, 4% used [0x00000000cce00000,0x00000000ccfbfac8,0x00000000cf100000)
 Metaspace       used 8699K, capacity 8778K, committed 8960K, reserved 1056768K
  class space    used 927K, capacity 945K, committed 1024K, reserved 1048576K
Event: 10.173 GC heap after
Heap after GC invocations=4 (full 1):
 PSYoungGen      total 15360K, used 192K [0x00000000eef80000, 0x00000000f0080000, 0x0000000100000000)
  eden space 13312K, 0% used [0x00000000eef80000,0x00000000eef80000,0x00000000efc80000)
  from space 2048K, 9% used [0x00000000efc80000,0x00000000efcb0000,0x00000000efe80000)
  to   space 2048K, 0% used [0x00000000efe80000,0x00000000efe80000,0x00000000f0080000)
 ParOldGen       total 35840K, used 1790K [0x00000000cce00000, 0x00000000cf100000, 0x00000000eef80000)
  object space 35840K, 4% used [0x00000000cce00000,0x00000000ccfbfac8,0x00000000cf100000)
 Metaspace       used 8699K, capacity 8778K, committed 8960K, reserved 1056768K
  class space    used 927K, capacity 945K, committed 1024K, reserved 1048576K
}
Event: 10.173 GC heap before
{Heap before GC invocations=5 (full 2):
 PSYoungGen      total 15360K, used 192K [0x00000000eef80000, 0x00000000f0080000, 0x0000000100000000)
  eden space 13312K, 0% used [0x00000000eef80000,0x00000000eef80000,0x00000000efc80000)
  from space 2048K, 9% used [0x00000000efc80000,0x00000000efcb0000,0x00000000efe80000)
  to   space 2048K, 0% used [0x00000000efe80000,0x00000000efe80000,0x00000000f0080000)
 ParOldGen       total 35840K, used 1790K [0x00000000cce00000, 0x00000000cf100000, 0x00000000eef80000)
  object space 35840K, 4% used [0x00000000cce00000,0x00000000ccfbfac8,0x00000000cf100000)
 Metaspace       used 8699K, capacity 8778K, committed 8960K, reserved 1056768K
  class space    used 927K, capacity 945K, committed 1024K, reserved 1048576K
Event: 10.205 GC heap after
Heap after GC invocations=5 (full 2):
 PSYoungGen      total 15360K, used 0K [0x00000000eef80000, 0x00000000f0080000, 0x0000000100000000)
  eden space 13312K, 0% used [0x00000000eef80000,0x00000000eef80000,0x00000000efc80000)
  from space 2048K, 0% used [0x00000000efc80000,0x00000000efc80000,0x00000000efe80000)
  to   space 2048K, 0% used [0x00000000efe80000,0x00000000efe80000,0x00000000f0080000)
 ParOldGen       total 35840K, used 1643K [0x00000000cce00000, 0x00000000cf100000, 0x00000000eef80000)
  object space 35840K, 4% used [0x00000000cce00000,0x00000000ccf9afc0,0x00000000cf100000)
 Metaspace       used 8699K, capacity 8778K, committed 8960K, reserved 1056768K
  class space    used 927K, capacity 945K, committed 1024K, reserved 1048576K
}

