# JRE version: Java(TM) SE Runtime Environment (8.0_111-b14) (build 1.8.0_111-b14)
# Java VM: Java HotSpot(TM) 64-Bit Server VM (25.111-b14 mixed mode windows-amd64 compressed oops)
Heap:
 PSYoungGen      total 15360K, used 0K [0x00000000eef80000, 0x00000000f0080000, 0x0000000100000000)
  eden space 13312K, 0% used [0x00000000eef80000,0x00000000eef801d0,0x00000000efc80000)
  from space 2048K, 0% used [0x00000000efe80000,0x00000000efe80000,0x00000000f0080000)
  to   space 2048K, 0% used [0x00000000efc80000,0x00000000efc80000,0x00000000efe80000)
 ParOldGen       total 35840K, used 2049K [0x00000000cce00000, 0x00000000cf100000, 0x00000000eef80000)
  object space 35840K, 5% used [0x00000000cce00000,0x00000000cd000468,0x00000000cf100000)
 Metaspace       used 9586K, capacity 9648K, committed 9856K, reserved 1058816K
  class space    used 1015K, capacity 1043K, committed 1152K, reserved 1048576K
GC Heap History (10 events):
Event: 8.888 GC heap before
{Heap before GC invocations=2 (full 0):
 PSYoungGen      total 15360K, used 15337K [0x00000000eef80000, 0x00000000f0080000, 0x0000000100000000)
  eden space 13312K, 100% used [0x00000000eef80000,0x00000000efc80000,0x00000000efc80000)
  from space 2048K, 98% used [0x00000000efc80000,0x00000000efe7a570,0x00000000efe80000)
  to   space 2048K, 0% used [0x00000000efe80000,0x00000000efe80000,0x00000000f0080000)
 ParOldGen       total 35840K, used 1035K [0x00000000cce00000, 0x00000000cf100000, 0x00000000eef80000)
  object space 35840K, 2% used [0x00000000cce00000,0x00000000ccf02ed0,0x00000000cf100000)
 Metaspace       used 9335K, capacity 9456K, committed 9600K, reserved 1058816K
  class space    used 996K, capacity 1043K, committed 1152K, reserved 1048576K
Event: 8.895 GC heap after
Heap after GC invocations=2 (full 0):
 PSYoungGen      total 15360K, used 2039K [0x00000000eef80000, 0x00000000f0080000, 0x0000000100000000)
  eden space 13312K, 0% used [0x00000000eef80000,0x00000000eef80000,0x00000000efc80000)
  from space 2048K, 99% used [0x00000000efe80000,0x00000000f007dfb8,0x00000000f0080000)
  to   space 2048K, 0% used [0x00000000efc80000,0x00000000efc80000,0x00000000efe80000)
 ParOldGen       total 35840K, used 1624K [0x00000000cce00000, 0x00000000cf100000, 0x00000000eef80000)
  object space 35840K, 4% used [0x00000000cce00000,0x00000000ccf96130,0x00000000cf100000)
 Metaspace       used 9335K, capacity 9456K, committed 9600K, reserved 1058816K
  class space    used 996K, capacity 1043K, committed 1152K, reserved 1048576K
}
Event: 22.258 GC heap before
{Heap before GC invocations=3 (full 0):
 PSYoungGen      total 15360K, used 11994K [0x00000000eef80000, 0x00000000f0080000, 0x0000000100000000)
  eden space 13312K, 74% used [0x00000000eef80000,0x00000000ef938870,0x00000000efc80000)
  from space 2048K, 99% used [0x00000000efe80000,0x00000000f007dfb8,0x00000000f0080000)
  to   space 2048K, 0% used [0x00000000efc80000,0x00000000efc80000,0x00000000efe80000)
 ParOldGen       total 35840K, used 1624K [0x00000000cce00000, 0x00000000cf100000, 0x00000000eef80000)
  object space 35840K, 4% used [0x00000000cce00000,0x00000000ccf96130,0x00000000cf100000)
 Metaspace       used 9446K, capacity 9584K, committed 9856K, reserved 1058816K
  class space    used 1005K, capacity 1043K, committed 1152K, reserved 1048576K
Event: 22.291 GC heap after
Heap after GC invocations=3 (full 0):
 PSYoungGen      total 15360K, used 2025K [0x00000000eef80000, 0x00000000f0080000, 0x0000000100000000)
  eden space 13312K, 0% used [0x00000000eef80000,0x00000000eef80000,0x00000000efc80000)
  from space 2048K, 98% used [0x00000000efc80000,0x00000000efe7a580,0x00000000efe80000)
  to   space 2048K, 0% used [0x00000000efe80000,0x00000000efe80000,0x00000000f0080000)
 ParOldGen       total 35840K, used 1632K [0x00000000cce00000, 0x00000000cf100000, 0x00000000eef80000)
  object space 35840K, 4% used [0x00000000cce00000,0x00000000ccf98130,0x00000000cf100000)
 Metaspace       used 9446K, capacity 9584K, committed 9856K, reserved 1058816K
  class space    used 1005K, capacity 1043K, committed 1152K, reserved 1048576K
}
Event: 22.291 GC heap before
{Heap before GC invocations=4 (full 1):
 PSYoungGen      total 15360K, used 2025K [0x00000000eef80000, 0x00000000f0080000, 0x0000000100000000)
  eden space 13312K, 0% used [0x00000000eef80000,0x00000000eef80000,0x00000000efc80000)
  from space 2048K, 98% used [0x00000000efc80000,0x00000000efe7a580,0x00000000efe80000)
  to   space 2048K, 0% used [0x00000000efe80000,0x00000000efe80000,0x00000000f0080000)
 ParOldGen       total 35840K, used 1632K [0x00000000cce00000, 0x00000000cf100000, 0x00000000eef80000)
  object space 35840K, 4% used [0x00000000cce00000,0x00000000ccf98130,0x00000000cf100000)
 Metaspace       used 9446K, capacity 9584K, committed 9856K, reserved 1058816K
  class space    used 1005K, capacity 1043K, committed 1152K, reserved 1048576K
Event: 22.332 GC heap after
Heap after GC invocations=4 (full 1):
 PSYoungGen      total 15360K, used 0K [0x00000000eef80000, 0x00000000f0080000, 0x0000000100000000)
  eden space 13312K, 0% used [0x00000000eef80000,0x00000000eef80000,0x00000000efc80000)
  from space 2048K, 0% used [0x00000000efc80000,0x00000000efc80000,0x00000000efe80000)
  to   space 2048K, 0% used [0x00000000efe80000,0x00000000efe80000,0x00000000f0080000)
 ParOldGen       total 35840K, used 2063K [0x00000000cce00000, 0x00000000cf100000, 0x00000000eef80000)
  object space 35840K, 5% used [0x00000000cce00000,0x00000000cd003c58,0x00000000cf100000)
 Metaspace       used 9446K, capacity 9584K, committed 9856K, reserved 1058816K
  class space    used 1005K, capacity 1043K, committed 1152K, reserved 1048576K
}
Event: 22.446 GC heap before
{Heap before GC invocations=5 (full 1):
 PSYoungGen      total 15360K, used 714K [0x00000000eef80000, 0x00000000f0080000, 0x0000000100000000)
  eden space 13312K, 5% used [0x00000000eef80000,0x00000000ef032b28,0x00000000efc80000)
  from space 2048K, 0% used [0x00000000efc80000,0x00000000efc80000,0x00000000efe80000)
  to   space 2048K, 0% used [0x00000000efe80000,0x00000000efe80000,0x00000000f0080000)
 ParOldGen       total 35840K, used 2063K [0x00000000cce00000, 0x00000000cf100000, 0x00000000eef80000)
  object space 35840K, 5% used [0x00000000cce00000,0x00000000cd003c58,0x00000000cf100000)
 Metaspace       used 9586K, capacity 9648K, committed 9856K, reserved 1058816K
  class space    used 1015K, capacity 1043K, committed 1152K, reserved 1048576K
Event: 22.447 GC heap after
Heap after GC invocations=5 (full 1):
 PSYoungGen      total 15360K, used 160K [0x00000000eef80000, 0x00000000f0080000, 0x0000000100000000)
  eden space 13312K, 0% used [0x00000000eef80000,0x00000000eef80000,0x00000000efc80000)
  from space 2048K, 7% used [0x00000000efe80000,0x00000000efea8000,0x00000000f0080000)
  to   space 2048K, 0% used [0x00000000efc80000,0x00000000efc80000,0x00000000efe80000)
 ParOldGen       total 35840K, used 2071K [0x00000000cce00000, 0x00000000cf100000, 0x00000000eef80000)
  object space 35840K, 5% used [0x00000000cce00000,0x00000000cd005c58,0x00000000cf100000)
 Metaspace       used 9586K, capacity 9648K, committed 9856K, reserved 1058816K
  class space    used 1015K, capacity 1043K, committed 1152K, reserved 1048576K
}
Event: 22.447 GC heap before
{Heap before GC invocations=6 (full 2):
 PSYoungGen      total 15360K, used 160K [0x00000000eef80000, 0x00000000f0080000, 0x0000000100000000)
  eden space 13312K, 0% used [0x00000000eef80000,0x00000000eef80000,0x00000000efc80000)
  from space 2048K, 7% used [0x00000000efe80000,0x00000000efea8000,0x00000000f0080000)
  to   space 2048K, 0% used [0x00000000efc80000,0x00000000efc80000,0x00000000efe80000)
 ParOldGen       total 35840K, used 2071K [0x00000000cce00000, 0x00000000cf100000, 0x00000000eef80000)
  object space 35840K, 5% used [0x00000000cce00000,0x00000000cd005c58,0x00000000cf100000)
 Metaspace       used 9586K, capacity 9648K, committed 9856K, reserved 1058816K
  class space    used 1015K, capacity 1043K, committed 1152K, reserved 1048576K
Event: 22.491 GC heap after
Heap after GC invocations=6 (full 2):
 PSYoungGen      total 15360K, used 0K [0x00000000eef80000, 0x00000000f0080000, 0x0000000100000000)
  eden space 13312K, 0% used [0x00000000eef80000,0x00000000eef80000,0x00000000efc80000)
  from space 2048K, 0% used [0x00000000efe80000,0x00000000efe80000,0x00000000f0080000)
  to   space 2048K, 0% used [0x00000000efc80000,0x00000000efc80000,0x00000000efe80000)
 ParOldGen       total 35840K, used 2049K [0x00000000cce00000, 0x00000000cf100000, 0x00000000eef80000)
  object space 35840K, 5% used [0x00000000cce00000,0x00000000cd000468,0x00000000cf100000)
 Metaspace       used 9586K, capacity 9648K, committed 9856K, reserved 1058816K
  class space    used 1015K, capacity 1043K, committed 1152K, reserved 1048576K
}

