# JRE version: Java(TM) SE Runtime Environment (8.0_111-b14) (build 1.8.0_111-b14)
# Java VM: Java HotSpot(TM) 64-Bit Server VM (25.111-b14 mixed mode windows-amd64 compressed oops)
Heap:
 PSYoungGen      total 15360K, used 0K [0x00000000eef80000, 0x00000000f0080000, 0x0000000100000000)
  eden space 13312K, 0% used [0x00000000eef80000,0x00000000eef801d0,0x00000000efc80000)
  from space 2048K, 0% used [0x00000000efe80000,0x00000000efe80000,0x00000000f0080000)
  to   space 2048K, 0% used [0x00000000efc80000,0x00000000efc80000,0x00000000efe80000)
 ParOldGen       total 35840K, used 1794K [0x00000000cce00000, 0x00000000cf100000, 0x00000000eef80000)
  object space 35840K, 5% used [0x00000000cce00000,0x00000000ccfc0828,0x00000000cf100000)
 Metaspace       used 8800K, capacity 8938K, committed 9216K, reserved 1056768K
  class space    used 931K, capacity 977K, committed 1024K, reserved 1048576K
GC Heap History (10 events):
Event: 8.206 GC heap before
{Heap before GC invocations=2 (full 0):
 PSYoungGen      total 15360K, used 15337K [0x00000000eef80000, 0x00000000f0080000, 0x0000000100000000)
  eden space 13312K, 100% used [0x00000000eef80000,0x00000000efc80000,0x00000000efc80000)
  from space 2048K, 98% used [0x00000000efc80000,0x00000000efe7a488,0x00000000efe80000)
  to   space 2048K, 0% used [0x00000000efe80000,0x00000000efe80000,0x00000000f0080000)
 ParOldGen       total 35840K, used 1334K [0x00000000cce00000, 0x00000000cf100000, 0x00000000eef80000)
  object space 35840K, 3% used [0x00000000cce00000,0x00000000ccf4d948,0x00000000cf100000)
 Metaspace       used 8589K, capacity 8714K, committed 8960K, reserved 1056768K
  class space    used 912K, capacity 945K, committed 1024K, reserved 1048576K
Event: 8.214 GC heap after
Heap after GC invocations=2 (full 0):
 PSYoungGen      total 15360K, used 1870K [0x00000000eef80000, 0x00000000f0080000, 0x0000000100000000)
  eden space 13312K, 0% used [0x00000000eef80000,0x00000000eef80000,0x00000000efc80000)
  from space 2048K, 91% used [0x00000000efe80000,0x00000000f00538f8,0x00000000f0080000)
  to   space 2048K, 0% used [0x00000000efc80000,0x00000000efc80000,0x00000000efe80000)
 ParOldGen       total 35840K, used 1342K [0x00000000cce00000, 0x00000000cf100000, 0x00000000eef80000)
  object space 35840K, 3% used [0x00000000cce00000,0x00000000ccf4f948,0x00000000cf100000)
 Metaspace       used 8589K, capacity 8714K, committed 8960K, reserved 1056768K
  class space    used 912K, capacity 945K, committed 1024K, reserved 1048576K
}
Event: 28.484 GC heap before
{Heap before GC invocations=3 (full 0):
 PSYoungGen      total 15360K, used 7749K [0x00000000eef80000, 0x00000000f0080000, 0x0000000100000000)
  eden space 13312K, 44% used [0x00000000eef80000,0x00000000ef53dc70,0x00000000efc80000)
  from space 2048K, 91% used [0x00000000efe80000,0x00000000f00538f8,0x00000000f0080000)
  to   space 2048K, 0% used [0x00000000efc80000,0x00000000efc80000,0x00000000efe80000)
 ParOldGen       total 35840K, used 1342K [0x00000000cce00000, 0x00000000cf100000, 0x00000000eef80000)
  object space 35840K, 3% used [0x00000000cce00000,0x00000000ccf4f948,0x00000000cf100000)
 Metaspace       used 8665K, capacity 8778K, committed 8960K, reserved 1056768K
  class space    used 921K, capacity 945K, committed 1024K, reserved 1048576K
Event: 28.544 GC heap after
Heap after GC invocations=3 (full 0):
 PSYoungGen      total 15360K, used 1783K [0x00000000eef80000, 0x00000000f0080000, 0x0000000100000000)
  eden space 13312K, 0% used [0x00000000eef80000,0x00000000eef80000,0x00000000efc80000)
  from space 2048K, 87% used [0x00000000efc80000,0x00000000efe3dd70,0x00000000efe80000)
  to   space 2048K, 0% used [0x00000000efe80000,0x00000000efe80000,0x00000000f0080000)
 ParOldGen       total 35840K, used 1350K [0x00000000cce00000, 0x00000000cf100000, 0x00000000eef80000)
  object space 35840K, 3% used [0x00000000cce00000,0x00000000ccf51948,0x00000000cf100000)
 Metaspace       used 8665K, capacity 8778K, committed 8960K, reserved 1056768K
  class space    used 921K, capacity 945K, committed 1024K, reserved 1048576K
}
Event: 28.544 GC heap before
{Heap before GC invocations=4 (full 1):
 PSYoungGen      total 15360K, used 1783K [0x00000000eef80000, 0x00000000f0080000, 0x0000000100000000)
  eden space 13312K, 0% used [0x00000000eef80000,0x00000000eef80000,0x00000000efc80000)
  from space 2048K, 87% used [0x00000000efc80000,0x00000000efe3dd70,0x00000000efe80000)
  to   space 2048K, 0% used [0x00000000efe80000,0x00000000efe80000,0x00000000f0080000)
 ParOldGen       total 35840K, used 1350K [0x00000000cce00000, 0x00000000cf100000, 0x00000000eef80000)
  object space 35840K, 3% used [0x00000000cce00000,0x00000000ccf51948,0x00000000cf100000)
 Metaspace       used 8665K, capacity 8778K, committed 8960K, reserved 1056768K
  class space    used 921K, capacity 945K, committed 1024K, reserved 1048576K
Event: 28.591 GC heap after
Heap after GC invocations=4 (full 1):
 PSYoungGen      total 15360K, used 0K [0x00000000eef80000, 0x00000000f0080000, 0x0000000100000000)
  eden space 13312K, 0% used [0x00000000eef80000,0x00000000eef80000,0x00000000efc80000)
  from space 2048K, 0% used [0x00000000efc80000,0x00000000efc80000,0x00000000efe80000)
  to   space 2048K, 0% used [0x00000000efe80000,0x00000000efe80000,0x00000000f0080000)
 ParOldGen       total 35840K, used 1792K [0x00000000cce00000, 0x00000000cf100000, 0x00000000eef80000)
  object space 35840K, 5% used [0x00000000cce00000,0x00000000ccfc02e0,0x00000000cf100000)
 Metaspace       used 8665K, capacity 8778K, committed 8960K, reserved 1056768K
  class space    used 921K, capacity 945K, committed 1024K, reserved 1048576K
}
Event: 28.668 GC heap before
{Heap before GC invocations=5 (full 1):
 PSYoungGen      total 15360K, used 659K [0x00000000eef80000, 0x00000000f0080000, 0x0000000100000000)
  eden space 13312K, 4% used [0x00000000eef80000,0x00000000ef024ec8,0x00000000efc80000)
  from space 2048K, 0% used [0x00000000efc80000,0x00000000efc80000,0x00000000efe80000)
  to   space 2048K, 0% used [0x00000000efe80000,0x00000000efe80000,0x00000000f0080000)
 ParOldGen       total 35840K, used 1792K [0x00000000cce00000, 0x00000000cf100000, 0x00000000eef80000)
  object space 35840K, 5% used [0x00000000cce00000,0x00000000ccfc02e0,0x00000000cf100000)
 Metaspace       used 8800K, capacity 8938K, committed 9216K, reserved 1056768K
  class space    used 931K, capacity 977K, committed 1024K, reserved 1048576K
Event: 28.669 GC heap after
Heap after GC invocations=5 (full 1):
 PSYoungGen      total 15360K, used 160K [0x00000000eef80000, 0x00000000f0080000, 0x0000000100000000)
  eden space 13312K, 0% used [0x00000000eef80000,0x00000000eef80000,0x00000000efc80000)
  from space 2048K, 7% used [0x00000000efe80000,0x00000000efea8000,0x00000000f0080000)
  to   space 2048K, 0% used [0x00000000efc80000,0x00000000efc80000,0x00000000efe80000)
 ParOldGen       total 35840K, used 1792K [0x00000000cce00000, 0x00000000cf100000, 0x00000000eef80000)
  object space 35840K, 5% used [0x00000000cce00000,0x00000000ccfc02e0,0x00000000cf100000)
 Metaspace       used 8800K, capacity 8938K, committed 9216K, reserved 1056768K
  class space    used 931K, capacity 977K, committed 1024K, reserved 1048576K
}
Event: 28.669 GC heap before
{Heap before GC invocations=6 (full 2):
 PSYoungGen      total 15360K, used 160K [0x00000000eef80000, 0x00000000f0080000, 0x0000000100000000)
  eden space 13312K, 0% used [0x00000000eef80000,0x00000000eef80000,0x00000000efc80000)
  from space 2048K, 7% used [0x00000000efe80000,0x00000000efea8000,0x00000000f0080000)
  to   space 2048K, 0% used [0x00000000efc80000,0x00000000efc80000,0x00000000efe80000)
 ParOldGen       total 35840K, used 1792K [0x00000000cce00000, 0x00000000cf100000, 0x00000000eef80000)
  object space 35840K, 5% used [0x00000000cce00000,0x00000000ccfc02e0,0x00000000cf100000)
 Metaspace       used 8800K, capacity 8938K, committed 9216K, reserved 1056768K
  class space    used 931K, capacity 977K, committed 1024K, reserved 1048576K
Event: 28.711 GC heap after
Heap after GC invocations=6 (full 2):
 PSYoungGen      total 15360K, used 0K [0x00000000eef80000, 0x00000000f0080000, 0x0000000100000000)
  eden space 13312K, 0% used [0x00000000eef80000,0x00000000eef80000,0x00000000efc80000)
  from space 2048K, 0% used [0x00000000efe80000,0x00000000efe80000,0x00000000f0080000)
  to   space 2048K, 0% used [0x00000000efc80000,0x00000000efc80000,0x00000000efe80000)
 ParOldGen       total 35840K, used 1794K [0x00000000cce00000, 0x00000000cf100000, 0x00000000eef80000)
  object space 35840K, 5% used [0x00000000cce00000,0x00000000ccfc0828,0x00000000cf100000)
 Metaspace       used 8800K, capacity 8938K, committed 9216K, reserved 1056768K
  class space    used 931K, capacity 977K, committed 1024K, reserved 1048576K
}

