# JRE version: Java(TM) SE Runtime Environment (8.0_111-b14) (build 1.8.0_111-b14)
# Java VM: Java HotSpot(TM) 64-Bit Server VM (25.111-b14 mixed mode windows-amd64 compressed oops)
Heap:
 PSYoungGen      total 15360K, used 0K [0x00000000eef80000, 0x00000000f0080000, 0x0000000100000000)
  eden space 13312K, 0% used [0x00000000eef80000,0x00000000eef801d0,0x00000000efc80000)
  from space 2048K, 0% used [0x00000000efc80000,0x00000000efc80000,0x00000000efe80000)
  to   space 2048K, 0% used [0x00000000efe80000,0x00000000efe80000,0x00000000f0080000)
 ParOldGen       total 35840K, used 1858K [0x00000000cce00000, 0x00000000cf100000, 0x00000000eef80000)
  object space 35840K, 5% used [0x00000000cce00000,0x00000000ccfd0958,0x00000000cf100000)
 Metaspace       used 9548K, capacity 9648K, committed 9856K, reserved 1058816K
  class space    used 1015K, capacity 1043K, committed 1152K, reserved 1048576K
GC Heap History (10 events):
Event: 32.899 GC heap before
{Heap before GC invocations=2 (full 0):
 PSYoungGen      total 15360K, used 15343K [0x00000000eef80000, 0x00000000f0080000, 0x0000000100000000)
  eden space 13312K, 100% used [0x00000000eef80000,0x00000000efc80000,0x00000000efc80000)
  from space 2048K, 99% used [0x00000000efc80000,0x00000000efe7bf30,0x00000000efe80000)
  to   space 2048K, 0% used [0x00000000efe80000,0x00000000efe80000,0x00000000f0080000)
 ParOldGen       total 35840K, used 1012K [0x00000000cce00000, 0x00000000cf100000, 0x00000000eef80000)
  object space 35840K, 2% used [0x00000000cce00000,0x00000000ccefd3a0,0x00000000cf100000)
 Metaspace       used 9344K, capacity 9456K, committed 9600K, reserved 1058816K
  class space    used 996K, capacity 1043K, committed 1152K, reserved 1048576K
Event: 32.908 GC heap after
Heap after GC invocations=2 (full 0):
 PSYoungGen      total 15360K, used 2045K [0x00000000eef80000, 0x00000000f0080000, 0x0000000100000000)
  eden space 13312K, 0% used [0x00000000eef80000,0x00000000eef80000,0x00000000efc80000)
  from space 2048K, 99% used [0x00000000efe80000,0x00000000f007f7f0,0x00000000f0080000)
  to   space 2048K, 0% used [0x00000000efc80000,0x00000000efc80000,0x00000000efe80000)
 ParOldGen       total 35840K, used 1644K [0x00000000cce00000, 0x00000000cf100000, 0x00000000eef80000)
  object space 35840K, 4% used [0x00000000cce00000,0x00000000ccf9b010,0x00000000cf100000)
 Metaspace       used 9344K, capacity 9456K, committed 9600K, reserved 1058816K
  class space    used 996K, capacity 1043K, committed 1152K, reserved 1048576K
}
Event: 59.234 GC heap before
{Heap before GC invocations=3 (full 0):
 PSYoungGen      total 15360K, used 2933K [0x00000000eef80000, 0x00000000f0080000, 0x0000000100000000)
  eden space 13312K, 6% used [0x00000000eef80000,0x00000000ef05dce8,0x00000000efc80000)
  from space 2048K, 99% used [0x00000000efe80000,0x00000000f007f7f0,0x00000000f0080000)
  to   space 2048K, 0% used [0x00000000efc80000,0x00000000efc80000,0x00000000efe80000)
 ParOldGen       total 35840K, used 1644K [0x00000000cce00000, 0x00000000cf100000, 0x00000000eef80000)
  object space 35840K, 4% used [0x00000000cce00000,0x00000000ccf9b010,0x00000000cf100000)
 Metaspace       used 9405K, capacity 9520K, committed 9856K, reserved 1058816K
  class space    used 1005K, capacity 1043K, committed 1152K, reserved 1048576K
Event: 59.278 GC heap after
Heap after GC invocations=3 (full 0):
 PSYoungGen      total 15360K, used 1911K [0x00000000eef80000, 0x00000000f0080000, 0x0000000100000000)
  eden space 13312K, 0% used [0x00000000eef80000,0x00000000eef80000,0x00000000efc80000)
  from space 2048K, 93% used [0x00000000efc80000,0x00000000efe5dd70,0x00000000efe80000)
  to   space 2048K, 0% used [0x00000000efe80000,0x00000000efe80000,0x00000000f0080000)
 ParOldGen       total 35840K, used 1652K [0x00000000cce00000, 0x00000000cf100000, 0x00000000eef80000)
  object space 35840K, 4% used [0x00000000cce00000,0x00000000ccf9d010,0x00000000cf100000)
 Metaspace       used 9405K, capacity 9520K, committed 9856K, reserved 1058816K
  class space    used 1005K, capacity 1043K, committed 1152K, reserved 1048576K
}
Event: 59.279 GC heap before
{Heap before GC invocations=4 (full 1):
 PSYoungGen      total 15360K, used 1911K [0x00000000eef80000, 0x00000000f0080000, 0x0000000100000000)
  eden space 13312K, 0% used [0x00000000eef80000,0x00000000eef80000,0x00000000efc80000)
  from space 2048K, 93% used [0x00000000efc80000,0x00000000efe5dd70,0x00000000efe80000)
  to   space 2048K, 0% used [0x00000000efe80000,0x00000000efe80000,0x00000000f0080000)
 ParOldGen       total 35840K, used 1652K [0x00000000cce00000, 0x00000000cf100000, 0x00000000eef80000)
  object space 35840K, 4% used [0x00000000cce00000,0x00000000ccf9d010,0x00000000cf100000)
 Metaspace       used 9405K, capacity 9520K, committed 9856K, reserved 1058816K
  class space    used 1005K, capacity 1043K, committed 1152K, reserved 1048576K
Event: 59.321 GC heap after
Heap after GC invocations=4 (full 1):
 PSYoungGen      total 15360K, used 0K [0x00000000eef80000, 0x00000000f0080000, 0x0000000100000000)
  eden space 13312K, 0% used [0x00000000eef80000,0x00000000eef80000,0x00000000efc80000)
  from space 2048K, 0% used [0x00000000efc80000,0x00000000efc80000,0x00000000efe80000)
  to   space 2048K, 0% used [0x00000000efe80000,0x00000000efe80000,0x00000000f0080000)
 ParOldGen       total 35840K, used 1926K [0x00000000cce00000, 0x00000000cf100000, 0x00000000eef80000)
  object space 35840K, 5% used [0x00000000cce00000,0x00000000ccfe1be8,0x00000000cf100000)
 Metaspace       used 9405K, capacity 9520K, committed 9856K, reserved 1058816K
  class space    used 1005K, capacity 1043K, committed 1152K, reserved 1048576K
}
Event: 59.384 GC heap before
{Heap before GC invocations=5 (full 1):
 PSYoungGen      total 15360K, used 745K [0x00000000eef80000, 0x00000000f0080000, 0x0000000100000000)
  eden space 13312K, 5% used [0x00000000eef80000,0x00000000ef03a5d8,0x00000000efc80000)
  from space 2048K, 0% used [0x00000000efc80000,0x00000000efc80000,0x00000000efe80000)
  to   space 2048K, 0% used [0x00000000efe80000,0x00000000efe80000,0x00000000f0080000)
 ParOldGen       total 35840K, used 1926K [0x00000000cce00000, 0x00000000cf100000, 0x00000000eef80000)
  object space 35840K, 5% used [0x00000000cce00000,0x00000000ccfe1be8,0x00000000cf100000)
 Metaspace       used 9547K, capacity 9648K, committed 9856K, reserved 1058816K
  class space    used 1015K, capacity 1043K, committed 1152K, reserved 1048576K
Event: 59.385 GC heap after
Heap after GC invocations=5 (full 1):
 PSYoungGen      total 15360K, used 150K [0x00000000eef80000, 0x00000000f0080000, 0x0000000100000000)
  eden space 13312K, 0% used [0x00000000eef80000,0x00000000eef80000,0x00000000efc80000)
  from space 2048K, 7% used [0x00000000efe80000,0x00000000efea5810,0x00000000f0080000)
  to   space 2048K, 0% used [0x00000000efc80000,0x00000000efc80000,0x00000000efe80000)
 ParOldGen       total 35840K, used 1934K [0x00000000cce00000, 0x00000000cf100000, 0x00000000eef80000)
  object space 35840K, 5% used [0x00000000cce00000,0x00000000ccfe3be8,0x00000000cf100000)
 Metaspace       used 9547K, capacity 9648K, committed 9856K, reserved 1058816K
  class space    used 1015K, capacity 1043K, committed 1152K, reserved 1048576K
}
Event: 59.385 GC heap before
{Heap before GC invocations=6 (full 2):
 PSYoungGen      total 15360K, used 150K [0x00000000eef80000, 0x00000000f0080000, 0x0000000100000000)
  eden space 13312K, 0% used [0x00000000eef80000,0x00000000eef80000,0x00000000efc80000)
  from space 2048K, 7% used [0x00000000efe80000,0x00000000efea5810,0x00000000f0080000)
  to   space 2048K, 0% used [0x00000000efc80000,0x00000000efc80000,0x00000000efe80000)
 ParOldGen       total 35840K, used 1934K [0x00000000cce00000, 0x00000000cf100000, 0x00000000eef80000)
  object space 35840K, 5% used [0x00000000cce00000,0x00000000ccfe3be8,0x00000000cf100000)
 Metaspace       used 9547K, capacity 9648K, committed 9856K, reserved 1058816K
  class space    used 1015K, capacity 1043K, committed 1152K, reserved 1048576K
Event: 59.433 GC heap after
Heap after GC invocations=6 (full 2):
 PSYoungGen      total 15360K, used 0K [0x00000000eef80000, 0x00000000f0080000, 0x0000000100000000)
  eden space 13312K, 0% used [0x00000000eef80000,0x00000000eef80000,0x00000000efc80000)
  from space 2048K, 0% used [0x00000000efe80000,0x00000000efe80000,0x00000000f0080000)
  to   space 2048K, 0% used [0x00000000efc80000,0x00000000efc80000,0x00000000efe80000)
 ParOldGen       total 35840K, used 1929K [0x00000000cce00000, 0x00000000cf100000, 0x00000000eef80000)
  object space 35840K, 5% used [0x00000000cce00000,0x00000000ccfe26b8,0x00000000cf100000)
 Metaspace       used 9547K, capacity 9648K, committed 9856K, reserved 1058816K
  class space    used 1015K, capacity 1043K, committed 1152K, reserved 1048576K
}

