# JRE version: Java(TM) SE Runtime Environment (8.0_111-b14) (build 1.8.0_111-b14)
# Java VM: Java HotSpot(TM) 64-Bit Server VM (25.111-b14 mixed mode windows-amd64 compressed oops)
Heap:
 PSYoungGen      total 15360K, used 0K [0x00000000eef80000, 0x00000000f0080000, 0x0000000100000000)
  eden space 13312K, 0% used [0x00000000eef80000,0x00000000eef801d0,0x00000000efc80000)
  from space 2048K, 0% used [0x00000000efe80000,0x00000000efe80000,0x00000000f0080000)
  to   space 2048K, 0% used [0x00000000efc80000,0x00000000efc80000,0x00000000efe80000)
 ParOldGen       total 35840K, used 1634K [0x00000000cce00000, 0x00000000cf100000, 0x00000000eef80000)
  object space 35840K, 4% used [0x00000000cce00000,0x00000000ccf98a58,0x00000000cf100000)
 Metaspace       used 8792K, capacity 8874K, committed 8960K, reserved 1056768K
  class space    used 937K, capacity 977K, committed 1024K, reserved 1048576K
GC Heap History (10 events):
Event: 7.697 GC heap before
{Heap before GC invocations=1 (full 0):
 PSYoungGen      total 15360K, used 13312K [0x00000000eef80000, 0x00000000f0080000, 0x0000000100000000)
  eden space 13312K, 100% used [0x00000000eef80000,0x00000000efc80000,0x00000000efc80000)
  from space 2048K, 0% used [0x00000000efe80000,0x00000000efe80000,0x00000000f0080000)
  to   space 2048K, 0% used [0x00000000efc80000,0x00000000efc80000,0x00000000efe80000)
 ParOldGen       total 35840K, used 0K [0x00000000cce00000, 0x00000000cf100000, 0x00000000eef80000)
  object space 35840K, 0% used [0x00000000cce00000,0x00000000cce00000,0x00000000cf100000)
 Metaspace       used 8184K, capacity 8298K, committed 8448K, reserved 1056768K
  class space    used 879K, capacity 913K, committed 1024K, reserved 1048576K
Event: 7.705 GC heap after
Heap after GC invocations=1 (full 0):
 PSYoungGen      total 15360K, used 2025K [0x00000000eef80000, 0x00000000f0080000, 0x0000000100000000)
  eden space 13312K, 0% used [0x00000000eef80000,0x00000000eef80000,0x00000000efc80000)
  from space 2048K, 98% used [0x00000000efc80000,0x00000000efe7a7e0,0x00000000efe80000)
  to   space 2048K, 0% used [0x00000000efe80000,0x00000000efe80000,0x00000000f0080000)
 ParOldGen       total 35840K, used 1381K [0x00000000cce00000, 0x00000000cf100000, 0x00000000eef80000)
  object space 35840K, 3% used [0x00000000cce00000,0x00000000ccf597d0,0x00000000cf100000)
 Metaspace       used 8184K, capacity 8298K, committed 8448K, reserved 1056768K
  class space    used 879K, capacity 913K, committed 1024K, reserved 1048576K
}
Event: 22.992 GC heap before
{Heap before GC invocations=2 (full 0):
 PSYoungGen      total 15360K, used 12323K [0x00000000eef80000, 0x00000000f0080000, 0x0000000100000000)
  eden space 13312K, 77% used [0x00000000eef80000,0x00000000ef98e640,0x00000000efc80000)
  from space 2048K, 98% used [0x00000000efc80000,0x00000000efe7a7e0,0x00000000efe80000)
  to   space 2048K, 0% used [0x00000000efe80000,0x00000000efe80000,0x00000000f0080000)
 ParOldGen       total 35840K, used 1381K [0x00000000cce00000, 0x00000000cf100000, 0x00000000eef80000)
  object space 35840K, 3% used [0x00000000cce00000,0x00000000ccf597d0,0x00000000cf100000)
 Metaspace       used 8610K, capacity 8714K, committed 8960K, reserved 1056768K
  class space    used 921K, capacity 945K, committed 1024K, reserved 1048576K
Event: 23.026 GC heap after
Heap after GC invocations=2 (full 0):
 PSYoungGen      total 15360K, used 1840K [0x00000000eef80000, 0x00000000f0080000, 0x0000000100000000)
  eden space 13312K, 0% used [0x00000000eef80000,0x00000000eef80000,0x00000000efc80000)
  from space 2048K, 89% used [0x00000000efe80000,0x00000000f004c118,0x00000000f0080000)
  to   space 2048K, 0% used [0x00000000efc80000,0x00000000efc80000,0x00000000efe80000)
 ParOldGen       total 35840K, used 1381K [0x00000000cce00000, 0x00000000cf100000, 0x00000000eef80000)
  object space 35840K, 3% used [0x00000000cce00000,0x00000000ccf597d0,0x00000000cf100000)
 Metaspace       used 8610K, capacity 8714K, committed 8960K, reserved 1056768K
  class space    used 921K, capacity 945K, committed 1024K, reserved 1048576K
}
Event: 23.026 GC heap before
{Heap before GC invocations=3 (full 1):
 PSYoungGen      total 15360K, used 1840K [0x00000000eef80000, 0x00000000f0080000, 0x0000000100000000)
  eden space 13312K, 0% used [0x00000000eef80000,0x00000000eef80000,0x00000000efc80000)
  from space 2048K, 89% used [0x00000000efe80000,0x00000000f004c118,0x00000000f0080000)
  to   space 2048K, 0% used [0x00000000efc80000,0x00000000efc80000,0x00000000efe80000)
 ParOldGen       total 35840K, used 1381K [0x00000000cce00000, 0x00000000cf100000, 0x00000000eef80000)
  object space 35840K, 3% used [0x00000000cce00000,0x00000000ccf597d0,0x00000000cf100000)
 Metaspace       used 8610K, capacity 8714K, committed 8960K, reserved 1056768K
  class space    used 921K, capacity 945K, committed 1024K, reserved 1048576K
Event: 23.055 GC heap after
Heap after GC invocations=3 (full 1):
 PSYoungGen      total 15360K, used 0K [0x00000000eef80000, 0x00000000f0080000, 0x0000000100000000)
  eden space 13312K, 0% used [0x00000000eef80000,0x00000000eef80000,0x00000000efc80000)
  from space 2048K, 0% used [0x00000000efe80000,0x00000000efe80000,0x00000000f0080000)
  to   space 2048K, 0% used [0x00000000efc80000,0x00000000efc80000,0x00000000efe80000)
 ParOldGen       total 35840K, used 1856K [0x00000000cce00000, 0x00000000cf100000, 0x00000000eef80000)
  object space 35840K, 5% used [0x00000000cce00000,0x00000000ccfd0348,0x00000000cf100000)
 Metaspace       used 8610K, capacity 8714K, committed 8960K, reserved 1056768K
  class space    used 921K, capacity 945K, committed 1024K, reserved 1048576K
}
Event: 23.098 GC heap before
{Heap before GC invocations=4 (full 1):
 PSYoungGen      total 15360K, used 692K [0x00000000eef80000, 0x00000000f0080000, 0x0000000100000000)
  eden space 13312K, 5% used [0x00000000eef80000,0x00000000ef02d0b0,0x00000000efc80000)
  from space 2048K, 0% used [0x00000000efe80000,0x00000000efe80000,0x00000000f0080000)
  to   space 2048K, 0% used [0x00000000efc80000,0x00000000efc80000,0x00000000efe80000)
 ParOldGen       total 35840K, used 1856K [0x00000000cce00000, 0x00000000cf100000, 0x00000000eef80000)
  object space 35840K, 5% used [0x00000000cce00000,0x00000000ccfd0348,0x00000000cf100000)
 Metaspace       used 8752K, capacity 8874K, committed 8960K, reserved 1056768K
  class space    used 931K, capacity 977K, committed 1024K, reserved 1048576K
Event: 23.099 GC heap after
Heap after GC invocations=4 (full 1):
 PSYoungGen      total 15360K, used 150K [0x00000000eef80000, 0x00000000f0080000, 0x0000000100000000)
  eden space 13312K, 0% used [0x00000000eef80000,0x00000000eef80000,0x00000000efc80000)
  from space 2048K, 7% used [0x00000000efc80000,0x00000000efca5810,0x00000000efe80000)
  to   space 2048K, 0% used [0x00000000efe80000,0x00000000efe80000,0x00000000f0080000)
 ParOldGen       total 35840K, used 1856K [0x00000000cce00000, 0x00000000cf100000, 0x00000000eef80000)
  object space 35840K, 5% used [0x00000000cce00000,0x00000000ccfd0348,0x00000000cf100000)
 Metaspace       used 8752K, capacity 8874K, committed 8960K, reserved 1056768K
  class space    used 931K, capacity 977K, committed 1024K, reserved 1048576K
}
Event: 23.099 GC heap before
{Heap before GC invocations=5 (full 2):
 PSYoungGen      total 15360K, used 150K [0x00000000eef80000, 0x00000000f0080000, 0x0000000100000000)
  eden space 13312K, 0% used [0x00000000eef80000,0x00000000eef80000,0x00000000efc80000)
  from space 2048K, 7% used [0x00000000efc80000,0x00000000efca5810,0x00000000efe80000)
  to   space 2048K, 0% used [0x00000000efe80000,0x00000000efe80000,0x00000000f0080000)
 ParOldGen       total 35840K, used 1856K [0x00000000cce00000, 0x00000000cf100000, 0x00000000eef80000)
  object space 35840K, 5% used [0x00000000cce00000,0x00000000ccfd0348,0x00000000cf100000)
 Metaspace       used 8752K, capacity 8874K, committed 8960K, reserved 1056768K
  class space    used 931K, capacity 977K, committed 1024K, reserved 1048576K
Event: 23.137 GC heap after
Heap after GC invocations=5 (full 2):
 PSYoungGen      total 15360K, used 0K [0x00000000eef80000, 0x00000000f0080000, 0x0000000100000000)
  eden space 13312K, 0% used [0x00000000eef80000,0x00000000eef80000,0x00000000efc80000)
  from space 2048K, 0% used [0x00000000efc80000,0x00000000efc80000,0x00000000efe80000)
  to   space 2048K, 0% used [0x00000000efe80000,0x00000000efe80000,0x00000000f0080000)
 ParOldGen       total 35840K, used 1673K [0x00000000cce00000, 0x00000000cf100000, 0x00000000eef80000)
  object space 35840K, 4% used [0x00000000cce00000,0x00000000ccfa27a8,0x00000000cf100000)
 Metaspace       used 8752K, capacity 8874K, committed 8960K, reserved 1056768K
  class space    used 931K, capacity 977K, committed 1024K, reserved 1048576K
}

