# JRE version: Java(TM) SE Runtime Environment (8.0_111-b14) (build 1.8.0_111-b14)
# Java VM: Java HotSpot(TM) 64-Bit Server VM (25.111-b14 mixed mode windows-amd64 compressed oops)
Heap:
 PSYoungGen      total 15360K, used 0K [0x00000000eef80000, 0x00000000f0080000, 0x0000000100000000)
  eden space 13312K, 0% used [0x00000000eef80000,0x00000000eef801d0,0x00000000efc80000)
  from space 2048K, 0% used [0x00000000efe80000,0x00000000efe80000,0x00000000f0080000)
  to   space 2048K, 0% used [0x00000000efc80000,0x00000000efc80000,0x00000000efe80000)
 ParOldGen       total 35840K, used 1604K [0x00000000cce00000, 0x00000000cf100000, 0x00000000eef80000)
  object space 35840K, 4% used [0x00000000cce00000,0x00000000ccf912e8,0x00000000cf100000)
 Metaspace       used 8733K, capacity 8778K, committed 8960K, reserved 1056768K
  class space    used 924K, capacity 945K, committed 1024K, reserved 1048576K
GC Heap History (10 events):
Event: 14.927 GC heap before
{Heap before GC invocations=3 (full 1):
 PSYoungGen      total 15360K, used 1797K [0x00000000eef80000, 0x00000000f0080000, 0x0000000100000000)
  eden space 13312K, 0% used [0x00000000eef80000,0x00000000eef80000,0x00000000efc80000)
  from space 2048K, 87% used [0x00000000efe80000,0x00000000f00417a8,0x00000000f0080000)
  to   space 2048K, 0% used [0x00000000efc80000,0x00000000efc80000,0x00000000efe80000)
 ParOldGen       total 35840K, used 1382K [0x00000000cce00000, 0x00000000cf100000, 0x00000000eef80000)
  object space 35840K, 3% used [0x00000000cce00000,0x00000000ccf59b90,0x00000000cf100000)
 Metaspace       used 8551K, capacity 8714K, committed 8960K, reserved 1056768K
  class space    used 908K, capacity 945K, committed 1024K, reserved 1048576K
Event: 14.950 GC heap after
Heap after GC invocations=3 (full 1):
 PSYoungGen      total 15360K, used 0K [0x00000000eef80000, 0x00000000f0080000, 0x0000000100000000)
  eden space 13312K, 0% used [0x00000000eef80000,0x00000000eef80000,0x00000000efc80000)
  from space 2048K, 0% used [0x00000000efe80000,0x00000000efe80000,0x00000000f0080000)
  to   space 2048K, 0% used [0x00000000efc80000,0x00000000efc80000,0x00000000efe80000)
 ParOldGen       total 35840K, used 1790K [0x00000000cce00000, 0x00000000cf100000, 0x00000000eef80000)
  object space 35840K, 4% used [0x00000000cce00000,0x00000000ccfbfa20,0x00000000cf100000)
 Metaspace       used 8551K, capacity 8714K, committed 8960K, reserved 1056768K
  class space    used 908K, capacity 945K, committed 1024K, reserved 1048576K
}
Event: 15.022 GC heap before
{Heap before GC invocations=4 (full 1):
 PSYoungGen      total 15360K, used 558K [0x00000000eef80000, 0x00000000f0080000, 0x0000000100000000)
  eden space 13312K, 4% used [0x00000000eef80000,0x00000000ef00ba98,0x00000000efc80000)
  from space 2048K, 0% used [0x00000000efe80000,0x00000000efe80000,0x00000000f0080000)
  to   space 2048K, 0% used [0x00000000efc80000,0x00000000efc80000,0x00000000efe80000)
 ParOldGen       total 35840K, used 1790K [0x00000000cce00000, 0x00000000cf100000, 0x00000000eef80000)
  object space 35840K, 4% used [0x00000000cce00000,0x00000000ccfbfa20,0x00000000cf100000)
 Metaspace       used 8693K, capacity 8778K, committed 8960K, reserved 1056768K
  class space    used 918K, capacity 945K, committed 1024K, reserved 1048576K
Event: 15.023 GC heap after
Heap after GC invocations=4 (full 1):
 PSYoungGen      total 15360K, used 182K [0x00000000eef80000, 0x00000000f0080000, 0x0000000100000000)
  eden space 13312K, 0% used [0x00000000eef80000,0x00000000eef80000,0x00000000efc80000)
  from space 2048K, 8% used [0x00000000efc80000,0x00000000efcad810,0x00000000efe80000)
  to   space 2048K, 0% used [0x00000000efe80000,0x00000000efe80000,0x00000000f0080000)
 ParOldGen       total 35840K, used 1790K [0x00000000cce00000, 0x00000000cf100000, 0x00000000eef80000)
  object space 35840K, 4% used [0x00000000cce00000,0x00000000ccfbfa20,0x00000000cf100000)
 Metaspace       used 8693K, capacity 8778K, committed 8960K, reserved 1056768K
  class space    used 918K, capacity 945K, committed 1024K, reserved 1048576K
}
Event: 15.023 GC heap before
{Heap before GC invocations=5 (full 2):
 PSYoungGen      total 15360K, used 182K [0x00000000eef80000, 0x00000000f0080000, 0x0000000100000000)
  eden space 13312K, 0% used [0x00000000eef80000,0x00000000eef80000,0x00000000efc80000)
  from space 2048K, 8% used [0x00000000efc80000,0x00000000efcad810,0x00000000efe80000)
  to   space 2048K, 0% used [0x00000000efe80000,0x00000000efe80000,0x00000000f0080000)
 ParOldGen       total 35840K, used 1790K [0x00000000cce00000, 0x00000000cf100000, 0x00000000eef80000)
  object space 35840K, 4% used [0x00000000cce00000,0x00000000ccfbfa20,0x00000000cf100000)
 Metaspace       used 8693K, capacity 8778K, committed 8960K, reserved 1056768K
  class space    used 918K, capacity 945K, committed 1024K, reserved 1048576K
Event: 15.060 GC heap after
Heap after GC invocations=5 (full 2):
 PSYoungGen      total 15360K, used 0K [0x00000000eef80000, 0x00000000f0080000, 0x0000000100000000)
  eden space 13312K, 0% used [0x00000000eef80000,0x00000000eef80000,0x00000000efc80000)
  from space 2048K, 0% used [0x00000000efc80000,0x00000000efc80000,0x00000000efe80000)
  to   space 2048K, 0% used [0x00000000efe80000,0x00000000efe80000,0x00000000f0080000)
 ParOldGen       total 35840K, used 1644K [0x00000000cce00000, 0x00000000cf100000, 0x00000000eef80000)
  object space 35840K, 4% used [0x00000000cce00000,0x00000000ccf9b038,0x00000000cf100000)
 Metaspace       used 8693K, capacity 8778K, committed 8960K, reserved 1056768K
  class space    used 918K, capacity 945K, committed 1024K, reserved 1048576K
}
Event: 15.099 GC heap before
{Heap before GC invocations=6 (full 2):
 PSYoungGen      total 15360K, used 355K [0x00000000eef80000, 0x00000000f0080000, 0x0000000100000000)
  eden space 13312K, 2% used [0x00000000eef80000,0x00000000eefd8f60,0x00000000efc80000)
  from space 2048K, 0% used [0x00000000efc80000,0x00000000efc80000,0x00000000efe80000)
  to   space 2048K, 0% used [0x00000000efe80000,0x00000000efe80000,0x00000000f0080000)
 ParOldGen       total 35840K, used 1644K [0x00000000cce00000, 0x00000000cf100000, 0x00000000eef80000)
  object space 35840K, 4% used [0x00000000cce00000,0x00000000ccf9b038,0x00000000cf100000)
 Metaspace       used 8733K, capacity 8778K, committed 8960K, reserved 1056768K
  class space    used 924K, capacity 945K, committed 1024K, reserved 1048576K
Event: 15.100 GC heap after
Heap after GC invocations=6 (full 2):
 PSYoungGen      total 15360K, used 128K [0x00000000eef80000, 0x00000000f0080000, 0x0000000100000000)
  eden space 13312K, 0% used [0x00000000eef80000,0x00000000eef80000,0x00000000efc80000)
  from space 2048K, 6% used [0x00000000efe80000,0x00000000efea0000,0x00000000f0080000)
  to   space 2048K, 0% used [0x00000000efc80000,0x00000000efc80000,0x00000000efe80000)
 ParOldGen       total 35840K, used 1644K [0x00000000cce00000, 0x00000000cf100000, 0x00000000eef80000)
  object space 35840K, 4% used [0x00000000cce00000,0x00000000ccf9b038,0x00000000cf100000)
 Metaspace       used 8733K, capacity 8778K, committed 8960K, reserved 1056768K
  class space    used 924K, capacity 945K, committed 1024K, reserved 1048576K
}
Event: 15.100 GC heap before
{Heap before GC invocations=7 (full 3):
 PSYoungGen      total 15360K, used 128K [0x00000000eef80000, 0x00000000f0080000, 0x0000000100000000)
  eden space 13312K, 0% used [0x00000000eef80000,0x00000000eef80000,0x00000000efc80000)
  from space 2048K, 6% used [0x00000000efe80000,0x00000000efea0000,0x00000000f0080000)
  to   space 2048K, 0% used [0x00000000efc80000,0x00000000efc80000,0x00000000efe80000)
 ParOldGen       total 35840K, used 1644K [0x00000000cce00000, 0x00000000cf100000, 0x00000000eef80000)
  object space 35840K, 4% used [0x00000000cce00000,0x00000000ccf9b038,0x00000000cf100000)
 Metaspace       used 8733K, capacity 8778K, committed 8960K, reserved 1056768K
  class space    used 924K, capacity 945K, committed 1024K, reserved 1048576K
Event: 15.138 GC heap after
Heap after GC invocations=7 (full 3):
 PSYoungGen      total 15360K, used 0K [0x00000000eef80000, 0x00000000f0080000, 0x0000000100000000)
  eden space 13312K, 0% used [0x00000000eef80000,0x00000000eef80000,0x00000000efc80000)
  from space 2048K, 0% used [0x00000000efe80000,0x00000000efe80000,0x00000000f0080000)
  to   space 2048K, 0% used [0x00000000efc80000,0x00000000efc80000,0x00000000efe80000)
 ParOldGen       total 35840K, used 1604K [0x00000000cce00000, 0x00000000cf100000, 0x00000000eef80000)
  object space 35840K, 4% used [0x00000000cce00000,0x00000000ccf912e8,0x00000000cf100000)
 Metaspace       used 8733K, capacity 8778K, committed 8960K, reserved 1056768K
  class space    used 924K, capacity 945K, committed 1024K, reserved 1048576K
}

